--- Session Log Started: 2025-10-27 20:46:58 ---

('Firebase', '🚀 Starting DinoCore Production Flasher v1.2.14')
('Firebase', '📍 Working directory: C:\\Users\\deivi\\OneDrive\\Documents\\Dino\\try 6\\cleaned_gui_flasher')
('Firebase', '🐍 Python version: 3.12.6 (tags/v3.12.6:a4a2d2b, Sep  6 2024, 20:11:23) [MSC v.1940 64 bit (AMD64)]')
('Firebase', '⚠️ Firebase not available')
🚀 Starting QR Scanner Workflow - Field ready for scanning!
📱 Position QR scanner and scan toy code...
🔧 Toy ID parsed from Bondu URL: 'https://bondu.com/toy/wrek2b' -> 'toy_wrek2b'
📋 Input received: https://bondu.com/toy/wrek2b
🆔 Processed Toy ID: toy_wrek2b
✅ ESP32 detected on port COM21
✅ Device ready on port: COM21
🎯 Using default hardware version: 1.9.1
✅ ESP32 detected on port COM21
🚀 Auto-starting Testing & eFuse flash...
--- Processing new device on COM21 ---
Attempting to burn eFuse with version 1.9.1...
Attempting to burn eFuse with version 1.9.1...
Attempting to reset device into download mode...
Device reset successful, proceeding with eFuse burning...
[OK] eFuse burned successfully.
Burn command succeeded. Verifying by reading back eFuse...
Attempting to read eFuse from COM21...
[OK] Found raw eFuse version: 1.9.1
[OK] Verification successful. Version 1.9.1 is burned.
eFuse burning completed successfully. Starting firmware flash...
-- Starting testing flash for HW 1.9.1 on COM21 --
('show_progress',)
-- Starting testing flash for HW 1.9.1 on COM21 --
Downloading testing firmware for HW 1.9.1...
Found compatible build: qc
Downloading bootloader.bin...
Downloading magical-toys.bin...
🌐 Language changed to zh_CN - refreshing all UI texts
Downloading partition-table.bin...
Downloading ota_data_initial.bin...
[OK] Testing firmware for 1.9.1 downloaded successfully.
🌐 Language changed to en - refreshing all UI texts
Warning: Deprecated: Option '--flash_mode' is deprecated. Use '--flash-mode' instead.
Warning: Deprecated: Option '--flash_freq' is deprecated. Use '--flash-freq' instead.
Warning: Deprecated: Option '--flash_size' is deprecated. Use '--flash-size' instead.
Warning: Deprecated: Choice 'default_reset' for option '--before' is deprecated. Use 'default-reset' instead.
Warning: Deprecated: Choice 'hard_reset' for option '--after' is deprecated. Use 'hard-reset' instead.
Warning: Deprecated: Command 'write_flash' is deprecated. Use 'write-flash' instead.
esptool v5.1.0
Serial port COM21:
🌐 Language changed to zh_CN - refreshing all UI texts
Connecting...
Connected to ESP32-S3 on COM21:
Chip type:          ESP32-S3 (QFN56) (revision v0.2)
Features:           Wi-Fi, BT 5 (LE), Dual Core + LP Core, 240MHz, Embedded PSRAM 8MB (AP_3v3)
Crystal frequency:  40MHz
USB mode:           USB-Serial/JTAG
MAC:                8c:bf:ea:84:43:c0

Uploading stub flasher...
Running stub flasher...
Stub flasher running.
Changing baud rate to 460800...
Changed.

Configuring flash size...
Flash will be erased from 0x00000000 to 0x00005fff...
Flash will be erased from 0x00260000 to 0x003fafff...
Flash will be erased from 0x00010000 to 0x00010fff...
Flash will be erased from 0x00015000 to 0x00016fff...
SHA digest in image updated.
Compressed 20976 bytes to 13360...

('progress_update', 'Flashing... 0.0%')

('progress_update', 'Flashing... 100.0%')
Wrote 20976 bytes (13360 compressed) at 0x00000000 in 0.2 seconds (791.4 kbit/s).
Hash of data verified.
Compressed 1681376 bytes to 1014463...

('progress_update', 'Flashing... 0.0%')
('progress', 0)

('progress_update', 'Flashing... 1.6%')
('progress', 1)

('progress_update', 'Flashing... 3.2%')
('progress', 3)

('progress_update', 'Flashing... 4.8%')
('progress', 4)

('progress_update', 'Flashing... 6.5%')
('progress', 6)

('progress_update', 'Flashing... 8.1%')
('progress', 8)

('progress_update', 'Flashing... 9.7%')
('progress', 9)

('progress_update', 'Flashing... 11.3%')
('progress', 11)

('progress_update', 'Flashing... 12.9%')
('progress', 12)

('progress_update', 'Flashing... 14.5%')
('progress', 14)

('progress_update', 'Flashing... 16.2%')
('progress', 16)

('progress_update', 'Flashing... 17.8%')
('progress', 17)

('progress_update', 'Flashing... 19.4%')
('progress', 19)

('progress_update', 'Flashing... 21.0%')
('progress', 21)

('progress_update', 'Flashing... 22.6%')
('progress', 22)

('progress_update', 'Flashing... 24.2%')
('progress', 24)

('progress_update', 'Flashing... 25.8%')
('progress', 25)

('progress_update', 'Flashing... 27.5%')
('progress', 27)

('progress_update', 'Flashing... 29.1%')
('progress', 29)

('progress_update', 'Flashing... 30.7%')
('progress', 30)

('progress_update', 'Flashing... 32.3%')
('progress', 32)

('progress_update', 'Flashing... 33.9%')
('progress', 33)

('progress_update', 'Flashing... 35.5%')
('progress', 35)

('progress_update', 'Flashing... 37.1%')
('progress', 37)

('progress_update', 'Flashing... 38.8%')
('progress', 38)

('progress_update', 'Flashing... 40.4%')
('progress', 40)

('progress_update', 'Flashing... 42.0%')
('progress', 42)

('progress_update', 'Flashing... 43.6%')
('progress', 43)

('progress_update', 'Flashing... 45.2%')
('progress', 45)

('progress_update', 'Flashing... 46.8%')
('progress', 46)

('progress_update', 'Flashing... 48.5%')
('progress', 48)

('progress_update', 'Flashing... 50.1%')
('progress', 50)

('progress_update', 'Flashing... 51.7%')
('progress', 51)

('progress_update', 'Flashing... 53.3%')
('progress', 53)

('progress_update', 'Flashing... 54.9%')
('progress', 54)

('progress_update', 'Flashing... 56.5%')
('progress', 56)

('progress_update', 'Flashing... 58.1%')
('progress', 58)

('progress_update', 'Flashing... 59.8%')
('progress', 59)

('progress_update', 'Flashing... 61.4%')
('progress', 61)

('progress_update', 'Flashing... 63.0%')
('progress', 63)

('progress_update', 'Flashing... 64.6%')
('progress', 64)

('progress_update', 'Flashing... 66.2%')
('progress', 66)

('progress_update', 'Flashing... 67.8%')
('progress', 67)

('progress_update', 'Flashing... 69.4%')
('progress', 69)

('progress_update', 'Flashing... 71.1%')
('progress', 71)

('progress_update', 'Flashing... 72.7%')
('progress', 72)

('progress_update', 'Flashing... 74.3%')
('progress', 74)

('progress_update', 'Flashing... 75.9%')
('progress', 75)

('progress_update', 'Flashing... 77.5%')
('progress', 77)

('progress_update', 'Flashing... 79.1%')
('progress', 79)

('progress_update', 'Flashing... 80.8%')
('progress', 80)

('progress_update', 'Flashing... 82.4%')
('progress', 82)

('progress_update', 'Flashing... 84.0%')
('progress', 84)

('progress_update', 'Flashing... 85.6%')
('progress', 85)

('progress_update', 'Flashing... 87.2%')
('progress', 87)

('progress_update', 'Flashing... 88.8%')
('progress', 88)

('progress_update', 'Flashing... 90.4%')
('progress', 90)

('progress_update', 'Flashing... 92.1%')
('progress', 92)

('progress_update', 'Flashing... 93.7%')
('progress', 93)

('progress_update', 'Flashing... 95.3%')
('progress', 95)

('progress_update', 'Flashing... 96.9%')
('progress', 96)

('progress_update', 'Flashing... 98.5%')
('progress', 98)

('progress_update', 'Flashing... 100.0%')
('progress', 100)
Wrote 1681376 bytes (1014463 compressed) at 0x00260000 in 9.5 seconds (1415.8 kbit/s).
Hash of data verified.
Compressed 3072 bytes to 176...

('progress_update', 'Flashing... 0.0%')

('progress_update', 'Flashing... 100.0%')
Wrote 3072 bytes (176 compressed) at 0x00010000 in 0.0 seconds (1064.9 kbit/s).
Hash of data verified.
Compressed 8192 bytes to 31...

('progress_update', 'Flashing... 0.0%')

('progress_update', 'Flashing... 100.0%')
Wrote 8192 bytes (31 compressed) at 0x00015000 in 0.0 seconds (2020.8 kbit/s).
Hash of data verified.

Hard resetting via RTS pin...
[OK] Flash successful!
('hide_progress',)
-- Finished flashing COM21 --
Flash completed successfully. Starting serial monitor...
--- Serial monitor started for COM21 ---
I (103) esp_image: segment 2: paddr=002c0020 vaddr=42000020 sizeI (805) esp_psram: SPI SRAM memory test OK
I (813) cpu_start: Pro cpu start user code
I (813) cpu_start: cpu freq: 240000000 Hz
I (814) app_init: Application information:
I (814) app_init: Project name:     simple-speaker
I (814) app_init: App version:      0.1.2-dev
I (814) app_init: Compile time:     Sep  5 2025 13:46:33
I (814) app_init: ELF file SHA256:  e685db1b8...
I (814) app_init: ESP-IDF:          v5.4.1
I (814) efuse_init: Min chip rev:     v0.0
I (815) efuse_init: Max chip rev:     v0.99
I (815) efuse_init: Chip rev:         v0.2
I (815) heap_init: Initializing. RAM available for dynamic allocation:
I (816) heap_init: At 3FCB24C8 len 00037248 (220 KiB): RAM
I (816) heap_init: At 3FCE9710 len 00005724 (21 KiB): RAM
I (816) heap_init: At 3FCF0000 len 00008000 (32 KiB): DRAM
I (816) heap_init: At 600FE120 len 00001EC8 (7 KiB): RTCRAM
I (1044) esp_psram: Adding pool of 7808K of PSRAM memory to heap allocator
I (1045) spi_flash: detected chip: generic
I (1045) spi_flash: flash io: dio
I (1046) sleep_gpio: Configure to isolate all GPIO pins in sleep state
I (1046) sleep_gpio: Enable automatic switching of GPIO sleep configuration
I (1047) coexist: coex firmware version: e727207
I (1047) coexist: coexist rom version e7ae62f
I (1048) main_task: Started on CPU0
I (1058) esp_psram: Reserving pool of 32K of internal memory for DMA/internal allocations
I (1058) main_task: Calling app_main()
I (1058) recording_mode: Standalone recording demo app_main starting
I (1068) deep_sleep: Initializing deep sleep manager...
I (1068) deep_sleep: 🔍 DEBUG: NVS flash initialized successfully for deep sleep manager
I (1068) deep_sleep: 🔍 DEBUG: Attempting to read OTA reboot flag from NVS...
I (1068) deep_sleep: 🔍 DEBUG: NVS namespace 'deep_sleep' not found: ESP_ERR_NVS_NOT_FOUND (assuming no OTA reboot flag)
I (1068) deep_sleep: RTC memory invalid or first boot - initializing
I (1068) deep_sleep: Wake button GPIO1 initialized (current state: 1)
I (1068) deep_sleep: === Deep Sleep State ===
I (1068) deep_sleep: Magic number: 0xdeadbeef
I (1068) deep_sleep: First boot: true
I (1068) deep_sleep: Wake count: 0
I (1068) deep_sleep: Normal operation enabled: false
I (1068) deep_sleep: =======================
I (1068) deep_sleep: Deep sleep manager initialized successfully
I (1068) button_handler: Initializing interrupt-based button system...
I (1068) button_handler: Interrupt-based button system initialized successfully
I (1068) button_handler: Button on GPIO1 - Short press: sleep, Long press (5s): recording, Very long (10s): factory reset
I (1068) SHARED_I2C: Initializing shared I2C bus...
I (1068) SHARED_I2C: ✅ Shared I2C bus initialized successfully (SCL: GPIO40, SDA: GPIO41)
I (1068) BATTERY_MONITOR: Initializing battery monitoring system...
I (1068) BATTERY_MONITOR: Features: Coulomb SOC, Current-based charging, Learning persistence
I (1078) SHARED_I2C: ✅ Added I2C device: address=0x36, speed=100000 Hz
I (1078) BATTERY_MONITOR: MAX17055 I2C device initialized on shared bus (address 0x36, speed 100kHz)
I (1078) BATTERY_MONITOR: ⏱️  Waiting 200ms for MAX17055 power stabilization...
I (1378) BATTERY_MONITOR: ✅ MAX17055 communication test successful (STATUS=0x0082)
I (1378) BATTERY_MONITOR: Initializing MAX17055 fuel gauge...
I (1378) BATTERY_MONITOR: Learned parameters loaded: RCOMP0=0x0013, TempCo=0x263A
I (1378) BATTERY_MONITOR: ✅ Learned parameters restored from NVS successfully
I (1378) BATTERY_MONITOR: 📋 ===== LEARNED PARAMETERS FOR COPYING =====
I (1378) BATTERY_MONITOR: 📋 // Battery: 4-cell LFP 6000mAh - LEARNED PARAMETERS
I (1378) BATTERY_MONITOR: 📋 g_learned_params.rcomp0      = 0x0013;  // Resistance compensation
I (1378) BATTERY_MONITOR: 📋 g_learned_params.tempco      = 0x263A;  // Temperature coefficient
I (1378) BATTERY_MONITOR: 📋 g_learned_params.fullcaprep  = 0x2EE0;  // Application full capacity (6000 mAh)
I (1378) BATTERY_MONITOR: 📋 g_learned_params.fullcapnom  = 0x3660;  // Design full capacity (6960 mAh)
I (1378) BATTERY_MONITOR: 📋 Battery Health: 100.0% (cycles: 15)
I (1378) BATTERY_MONITOR: 📋 ============================================
I (1378) BATTERY_MONITOR: Applied learned parameters to fuel gauge
I (1378) BATTERY_MONITOR: Previous battery state loaded: Session #6, Last SOC: 100.0%
I (1378) BATTERY_MONITOR: 🔍 ===== FUEL GAUGE LEARNING DIAGNOSTICS =====
I (1388) BATTERY_MONITOR: 🔍   FSTAT: 0x1108
I (1388) BATTERY_MONITOR: 🔍     - Data Ready: YES
I (1388) BATTERY_MONITOR: 🔍     - Relaxation: None
I (1388) BATTERY_MONITOR: 🔍     - Full Qualified: YES
I (1388) BATTERY_MONITOR: 🔍   LearnCFG: 0x0017
I (1388) BATTERY_MONITOR: 🔍     - Learning Stage: 1
I (1388) BATTERY_MONITOR: 🔍     - Learning Active: YES
I (1388) BATTERY_MONITOR: 🔍   ModelCFG: 0x0460
I (1388) BATTERY_MONITOR: 🔍     - Model ID: 6
I (1388) BATTERY_MONITOR: 🔍     - Refresh: COMPLETE
I (1388) BATTERY_MONITOR: 🔍 ============================================
I (1388) BATTERY_MONITOR: 🎯 Enabling MAX17055 learning algorithm...
I (1398) BATTERY_MONITOR: 🎯 ✅ Fuel gauge learning algorithm enabled successfully!
I (1398) BATTERY_MONITOR: MAX17055 initialization complete
I (1398) BATTERY_MONITOR: ✅ FG_GPOUT (GPIO16) configured for MAX17055 alerts
I (1398) BATTERY_MONITOR: 🔔 Configuring MAX17055 SOC alert for 1% threshold...
I (1398) BATTERY_MONITOR: ✅ SOC alert configured: Min=1%, Max=disabled
I (1398) BATTERY_MONITOR: ✅ MAX17055 SOC alerts enabled - will trigger at 1% SOC
I (1398) BATTERY_MONITOR: Battery monitoring system initialized successfully
I (1398) recording_mode: 🔋 Checking critical battery protection...
I (1398) recording_mode: 🔋 Battery voltage: 3.381 V
I (1398) recording_mode: ✅ Battery voltage OK: 3.381 V >= 2.3V
I (1398) BATTERY_MONITOR: Battery monitoring task started
I (1398) BATTERY_MONITOR: Battery monitoring task started successfully
I (1398) recording_mode: 🔋 Battery monitoring task started
I (1398) power_source_test: 🔌 Initializing power source test (TPS2117DRL control)
I (1398) power_source_test: ✅ Power source test initialized (initial: BATTERY)
I (1398) led_manager: Initializing LED manager...
I (1398) neopixel: Initializing neopixel LEDs on PDM hardware (PDM_v2)
I (1398) neopixel: Boost enable pin configured and set high (normal logic)
I (1398) neopixel: Neopixel LED system initialized successfully on pin 8
I (1398) neopixel: Configured for 9 WS2812B LEDs
I (1398) led_manager: Setting initial LED state to normal operation (white)
I (1408) led_manager: Applying LED state: Normal Operation (White)
I (1408) neopixel: Stopping any running LED animation
I (1408) neopixel: LED animation stopped
I (1408) led_manager: LED manager initialized successfully (hardware available: YES)
I (1408) BATTERY_MONITOR: 🔍 Coulomb SoC calc: REG_QH=0x00F9 → 124.5 mAh → 2.1% SoC
I (1408) recording_mode: USB_SENSE (GPIO6) is HIGH
I (1408) BATTERY_MONITOR: === BATTERY STATUS ===
I (1408) recording_mode: 🔄 Creating button processing task...
I (1408) BATTERY_MONITOR: Present:     YES
I (1408) BATTERY_MONITOR: Voltage:     3.381 V
I (1408) recording_mode: 🔄 Button processing task started
I (1408) recording_mode: Audio test disabled; skipping record/playback loop
I (1408) BATTERY_MONITOR: USB Power:   DETECTED
I (1408) MFG_WIFI: 🔊 WiFi test disabled - initializing Bluetooth immediately...
I (1408) BATTERY_MONITOR: Charge IC:   CHARGING IN PROGRESS (STAT1=1, STAT2=0)
I (1408) BLE_INIT: BT controller compile version [d74042a]
I (1408) BATTERY_MONITOR: Current:     412.7 mA
I (1408) BATTERY_MONITOR: Avg Current: 387.2 mA
I (1408) BATTERY_MONITOR: SOC:         2.1%
I (1408) BATTERY_MONITOR: Temperature: 39.7°C
I (1408) BATTERY_MONITOR: Cycles:      17
I (1408) BATTERY_MONITOR: Charging:    YES
I (1408) BATTERY_MONITOR: Session:     #7
I (1408) BATTERY_MONITOR: ======================
I (1408) BLE_INIT: Bluetooth MAC: 8c:bf:ea:84:43:c2
📱 Captured Bluetooth MAC: 8C:BF:EA:84:43:C2
I (1408) BATTERY_MONITOR: 🔋 Battery is charging (412.7 mA)
I (1408) phy_init: phy_version 700,8582a7fd,Feb 10 2025,20:13:11
I (1458) BLE_HANDLER: Bluetooth LE initialized successfully
I (1468) device_utils: Device ID initialized: 8cbfea8443c0
I (1468) device_utils: MAC Address: 8C:BF:EA:84:43:C0
I (1468) BLE_HANDLER: === CONFIGURING BLE ADVERTISING ===
I (1468) BLE_HANDLER: Setting device name to: Toy-43C0
📱 Captured Bluetooth Name: Toy-43C0
I (1468) BLE_HANDLER: BLE Advertising Configuration:
I (1468) BLE_HANDLER: 📡 Service UUID: a07498ca-ad5b-474e-940d-16f1fbe7e8cd
I (1468) BLE_HANDLER: 📱 Device Name: Toy-43C0 (in scan response)
I (1468) BLE_HANDLER: ⏱️  Advertising Interval: 32 - 64 (0.625ms units)
I (1468) BLE_HANDLER: 🔍 Discoverable: YES (General Discoverable)
I (1468) BLE_HANDLER: 📶 TX Power: Included in scan response
I (1468) BLE_HANDLER: Service UUID bytes (little-endian):
I (1468) BLE_HANDLER: cd e8 e7 fb f1 16 0d 94 4e 47 5b ad ca 98 74 a0
I (1468) BLE_HANDLER: GATT server registered, app_id: 0000
I (1468) BLE_HANDLER: Service creation initiated successfully
I (1468) BLE_HANDLER: Service created successfully, service_handle: 40
I (1468) BLE_HANDLER: Created service with UUID: a07498ca-ad5b-474e-940d-16f1fbe7e8cd
I (1468) BLE_HANDLER: React Native app should look for: a07498ca-ad5b-474e-940d-16f1fbe7e8cd
I (1468) BLE_HANDLER: Adding characteristic: Device Info (index: 0)
I (1468) BLE_HANDLER: GATTS event: 12
I (1468) BLE_HANDLER: Characteristic added successfully, char_handle: 42
I (1468) BLE_HANDLER: Adding characteristic: WiFi Config (index: 1)
I (1468) BLE_HANDLER: ✅ Added CCCD descriptor for WiFi Config characteristic
I (1468) BLE_HANDLER: Characteristic added successfully, char_handle: 44
I (1468) BLE_HANDLER: Adding characteristic: SSID (index: 2)
I (1468) BLE_HANDLER: ✅ Added CCCD descriptor for SSID characteristic
I (1468) BLE_HANDLER: Characteristic descriptor added - handle: 45
I (1468) BLE_HANDLER: Characteristic added successfully, char_handle: 47
I (1468) BLE_HANDLER: Adding characteristic: Connectivity (index: 3)
I (1468) BLE_HANDLER: Characteristic descriptor added - handle: 48
I (1468) BLE_HANDLER: Characteristic added successfully, char_handle: 50
I (1468) BLE_HANDLER: Adding characteristic: Log (index: 4)
I (1468) BLE_HANDLER: ✅ Added CCCD descriptor for Log characteristic
I (1478) BLE_HANDLER: Characteristic added successfully, char_handle: 52
I (1478) BLE_HANDLER: Adding characteristic: QA Control (index: 5)
I (1478) BLE_HANDLER: Characteristic descriptor added - handle: 53
I (1478) BLE_HANDLER: Characteristic added successfully, char_handle: 55
I (1478) BLE_HANDLER: Adding characteristic: QA Events (index: 6)
I (1478) BLE_HANDLER: ✅ Added CCCD descriptor for QA Events characteristic
I (1478) BLE_HANDLER: Characteristic added successfully, char_handle: 57
I (1478) BLE_HANDLER: Connection status changed to: ADVERTISING
I (1478) BLE_HANDLER: ✓ BLE advertising started with optimized configuration
I (1478) BLE_HANDLER: ✓ Service UUID in advertising data: a07498ca-ad5b-474e-940d-16f1fbe7e8cd
I (1478) BLE_HANDLER: ✓ Device name in scan response: Toy-43C0
I (1478) BLE_HANDLER: ✓ React Native app should now be able to discover this device
I (1478) BLE_HANDLER: Characteristic descriptor added - handle: 58
I (1478) BLE_HANDLER: ✓ Advertising data configured successfully
I (1478) BLE_HANDLER: ✓ Service UUID a07498ca-ad5b-474e-940d-16f1fbe7e8cd is now in advertising data
I (1478) BLE_HANDLER: ✓ Scan response data set complete successfully
I (1478) BLE_HANDLER: ✓ Device name and TX power are now in scan response
I (1478) BLE_HANDLER: 🚀 ADVERTISING STARTED SUCCESSFULLY!
I (1478) BLE_HANDLER: 🔍 React Native app should now be able to find this device
I (1478) BLE_HANDLER: 📱 Device appears as: Toy-43C0
I (1478) BLE_HANDLER: 🔗 Service UUID: a07498ca-ad5b-474e-940d-16f1fbe7e8cd
I (1478) BLE_HANDLER: ⚡ The device is now discoverable and ready for connection!
🚀 BLE details captured. Auto-starting Bluetooth QC...
I (1478) BLE_HANDLER: 🚀 Starting BLE advertising process for device: Toy-43C0
I (1478) BLE_HANDLER: React Native app should look for service UUID: a07498ca-ad5b-474e-940d-16f1fbe7e8cd
I (1488) MFG_WIFI: 🔊 Bluetooth initialized and advertising as: Toy-43C0
I (1488) recording_mode: ✅ System initialization complete - main thread exiting cleanly
I (1488) main_task: Returned from app_main()
🟦 Starting Bluetooth QC for MAC: 8C:BF:EA:84:43:C2...
⏳ Waiting for device to signal it's ready for connection...
⏳ Device signaled ready. Waiting additional 5 seconds for full initialization...
🔎 Attempt 1/3: Scanning for device with MAC 8C:BF:EA:84:43:C2...
- Found 44 BLE devices in this scan.
- Device 0: Unknown (74:7F:72:2A:3F:CD)
- Device 1: Unknown (5C:01:AC:B6:48:4D)
- Device 2: NAKQR (78:1E:42:D7:9F:78)
- Device 3: Unknown (6A:8C:73:96:0A:2C)
- Device 4: Unknown (47:09:89:57:21:B2)
- Device 5: 98a316eefac4 (98:A3:16:EE:FA:C6)
- Device 6: Unknown (7D:83:64:33:44:E1)
- Device 7: Unknown (4A:15:36:E2:9A:E8)
- Device 8: Unknown (5B:70:5C:F6:48:BD)
- Device 9: Unknown (69:B8:58:71:54:E2)
- Device 10: Unknown (46:A0:E1:70:C7:84)
- Device 11: DREOtf04s83 (00:1C:C2:6B:6C:84)
- Device 12: Glowrium-H1_FCE726 (48:CA:43:FC:E7:26)
- Device 13: Toy-43C0 (8C:BF:EA:84:43:C2)
- Device 14: Toy-2E64 (8C:BF:EA:85:2E:66)
- Device 15: Glowrium-H1_DF3A62 (24:EC:4A:DF:3A:62)
- Device 16: 8cbfea849750 (8C:BF:EA:84:97:52)
- Device 17: Unknown (64:D0:14:B1:47:15)
- Device 18: Unknown (4D:28:84:F0:69:E2)
- Device 19: Unknown (3A:BC:90:DC:14:1B)
- Device 20: Unknown (5C:4C:2D:96:BE:97)
- Device 21: Unknown (27:DB:B3:F7:DC:ED)
- Device 22: Unknown (54:48:7C:08:9B:DA)
- Device 23: Unknown (19:64:64:7F:DB:5C)
- Device 24: Unknown (6E:02:EC:0A:CF:10)
- Device 25: Unknown (42:80:0E:12:F2:18)
- Device 26: Unknown (76:C3:AA:49:EF:28)
- Device 27: Unknown (40:36:63:0F:C5:5F)
- Device 28: Unknown (5E:C0:52:28:91:94)
- Device 29: Magical Toy (2C:CF:67:F6:FF:AA)
- Device 30: Unknown (FB:CE:6D:50:34:DE)
- Device 31: Unknown (43:E9:3C:C6:7D:BF)
- Device 32: DREOac03lB3 (00:1C:C2:A0:6A:B4)
- Device 33: Unknown (C2:45:1B:F9:92:50)
- Device 34: Unknown (7A:85:D3:8B:AF:DA)
- Device 35: Unknown (37:B3:14:74:17:D4)
- Device 36: Unknown (D6:93:16:51:AA:20)
- Device 37: DREOtf04sc1 (00:1C:C2:63:22:C2)
- Device 38: Unknown (4B:9A:48:CD:AB:32)
- Device 39: Unknown (C1:C1:02:A2:44:CF)
- Device 40: Unknown (65:2D:F4:D3:F8:3B)
- Device 41: Unknown (BC:00:00:04:17:D0)
- Device 42: Unknown (75:72:66:36:87:12)
- Device 43: Tnnow (BC:00:00:04:09:2B)
🎯 MAC Address match found: Toy-43C0 at 8C:BF:EA:84:43:C2
✅ Found device. Attempting to connect to 8C:BF:EA:84:43:C2...
{'level': 'info', 'message': 'Connecting to device: 8C:BF:EA:84:43:C2', 'data': None, 'timestamp': 1761623268.988881}
I (15578) BLE_HANDLER: GAP event: 60
I (15598) BLE_HANDLER: 🔗 CLIENT CONNECTED!
I (15598) BLE_HANDLER: 📱 Client Details:
I (15598) BLE_HANDLER:    Connection ID: 0
I (15598) BLE_HANDLER:    MAC Address: 6c:94:66:36:ec:e5
I (15598) BLE_HANDLER:    Device Serial: 8cbfea8443c0
I (15598) BLE_HANDLER:    Device Name: Toy-43C0
I (15598) BLE_HANDLER: ✅ Ready for characteristic read/write operations
I (15598) BLE_HANDLER: Connection status changed to: CONNECTED
I (15598) BLE_HANDLER: 📡 Requesting connection params: min_int=16, max_int=32, latency=0, timeout=400
I (15598) BLE_HANDLER: 🔍 Starting continuous WiFi scanning for BLE client
I (15598) wifi_helper: Starting continuous WiFi scanning every 15000 ms
I (15608) wifi_helper: 🔧 WiFi Buffer Config: RX Static=24, RX Dynamic=64, TX Dynamic=64, BA Win=16
I (15608) pp: pp rom version: e7ae62f
I (15608) net80211: net80211 rom version: e7ae62f
I (15618) wifi:wifi driver task: 3fcd96b0, prio:23, stack:6656, core=0
I (15618) wifi:wifi firmware version: 79fa3f41ba
I (15618) wifi:wifi certification version: v7.0
I (15618) wifi:config NVS flash: enabled
I (15618) wifi:config nano formatting: disabled
I (15618) wifi:Init data frame dynamic rx buffer num: 64
I (15618) wifi:Init static rx mgmt buffer num: 5
I (15618) wifi:Init management short buffer num: 32
I (15618) wifi:Init static tx buffer num: 16
I (15618) wifi:Init tx cache buffer num: 32
I (15618) wifi:Init static tx FG buffer num: 2
I (15618) wifi:Init static rx buffer size: 1600
I (15628) wifi:Init static rx buffer num: 24
I (15628) wifi:Init dynamic rx buffer num: 64
I (15628) wifi_init: rx ba win: 32
I (15628) wifi_init: accept mbox: 6
I (15628) wifi_init: tcpip mbox: 64
I (15628) wifi_init: udp mbox: 6
I (15628) wifi_init: tcp mbox: 6
I (15628) wifi_init: tcp tx win: 65535
I (15628) wifi_init: tcp rx win: 65535
I (15628) wifi_init: tcp mss: 1440
I (15628) wifi_init: WiFi/LWIP prefer SPIRAM
I (15628) wifi_init: WiFi IRAM OP enabled
I (15628) wifi_init: WiFi RX IRAM OP enabled
I (15628) wifi_helper: 🚀 Applying WiFi performance optimizations...
I (15628) wifi:Set ps type: 0, coexist: 0

I (15628) wifi_helper: ✅ WiFi power saving DISABLED - max performance mode
I (15628) wifi:(2.4G)set country: cc=US  schan=1 nchan=11 policy=0

I (15628) wifi_helper: ✅ Country code set to US (channels 1-11, 21dBm max power)
I (15628) wifi_helper: ✅ WiFi protocol set to 802.11b/g/n
I (15628) wifi_helper: ✅ WiFi bandwidth set to 40MHz
I (15628) wifi_helper: 🚀 WiFi performance optimizations applied!
I (15628) wifi_helper: WiFi helper initialized successfully with performance optimizations
I (15638) wifi:mode : sta (8c:bf:ea:84:43:c0)
I (15638) wifi:enable tsf
I (15638) wifi_helper: ✅ Scan task created successfully, handle: 0x3fcec204
I (15638) wifi_helper: 🔍 Triggering immediate WiFi scan for instant network list
I (15638) wifi_helper: ✅ Immediate scan task notification sent
I (15638) wifi_helper: Starting periodic WiFi scan...
I (15638) wifi_helper: Continuous WiFi scanning started successfully
I (15638) BLE_HANDLER: ✅ WiFi scanning started - will send networks via BLE notifications
I (15638) neopixel: Stopping any running LED animation
I (15638) neopixel: LED animation stopped
I (15638) neopixel: Stopping any running LED animation
I (15638) neopixel: LED animation stopped
I (15638) BLE_HANDLER: MTU exchanged - new MTU: 517 bytes
I (15638) BLE_HANDLER: GAP event: 21
I (15638) BLE_HANDLER: 🛑 Advertising stopped - Device no longer discoverable
I (15638) wifi_helper: WIFI_EVENT_STA_START received - awaiting explicit connect
I (16518) BLE_HANDLER: Connection params updated - status: 0, min_int: 16, max_int: 32, latency: 0, timeout: 400
{'level': 'success', 'message': 'Connected to device', 'data': None, 'timestamp': 1761623272.1061313}
I (17288) BLE_HANDLER: Data written - handle: 58, length: 2
I (17288) BLE_HANDLER: 0x3c19323a   01 00                                             |..|
I (17288) BLE_HANDLER: Descriptor write - handle: 58, value: 0x0001
I (17298) BLE_HANDLER: ✅ Client SUBSCRIBED to notifications
I (17298) BLE_HANDLER: 📡 Sending immediate WiFi state to new subscriber
I (17298) BLE_HANDLER: ✅ Immediate WiFi state sent successfully
I (17298) BLE_HANDLER: Sent GATT write response
I (17298) BLE_HANDLER: GATTS event: 21
I (17298) BLE_HANDLER: Indication confirmed by client - handle: 47, status: 0
{'level': 'success', 'message': 'Bluetooth notifications started', 'data': None, 'timestamp': 1761623272.1496427}
✅ Connected to Bluetooth device. Waiting for services to stabilize...
{'level': 'info', 'message': 'Starting test: Test Mic L/R Balance', 'data': None, 'timestamp': 1761623273.1509964}
{'level': 'info', 'message': '[BLE TX] {"id":"qa_mic_lr_test_1761623273","type":"qa_mic_lr_test","payload":{"wait_ms": 2000, "tone_ms": 2000, "volume_percent": 95, "freq_hz": 1000}}', 'data': None, 'timestamp': 1761623273.1509964}
I (18328) BLE_HANDLER: Connection params updated - status: 0, min_int: 0, max_int: 0, latency: 0, timeout: 400
I (18478) BLE_HANDLER: Data written - handle: 55, length: 142
I (18478) BLE_HANDLER: 0x3c1936aa   7b 22 69 64 22 3a 22 71  61 5f 6d 69 63 5f 6c 72  |{"id":"qa_mic_lr|
I (18478) BLE_HANDLER: 0x3c1936ba   5f 74 65 73 74 5f 31 37  36 31 36 32 33 32 37 33  |_test_1761623273|
I (18478) BLE_HANDLER: 0x3c1936ca   22 2c 22 74 79 70 65 22  3a 22 71 61 5f 6d 69 63  |","type":"qa_mic|
I (18478) BLE_HANDLER: 0x3c1936da   5f 6c 72 5f 74 65 73 74  22 2c 22 70 61 79 6c 6f  |_lr_test","paylo|
I (18478) BLE_HANDLER: 0x3c1936ea   61 64 22 3a 7b 22 77 61  69 74 5f 6d 73 22 3a 20  |ad":{"wait_ms": |
I (18478) BLE_HANDLER: 0x3c1936fa   32 30 30 30 2c 20 22 74  6f 6e 65 5f 6d 73 22 3a  |2000, "tone_ms":|
I (18478) BLE_HANDLER: 0x3c19370a   20 32 30 30 30 2c 20 22  76 6f 6c 75 6d 65 5f 70  | 2000, "volume_p|
I (18478) BLE_HANDLER: 0x3c19371a   65 72 63 65 6e 74 22 3a  20 39 35 2c 20 22 66 72  |ercent": 95, "fr|
I (18478) BLE_HANDLER: 0x3c19372a   65 71 5f 68 7a 22 3a 20  31 30 30 30 7d 7d        |eq_hz": 1000}}|
I (18478) BLE_HANDLER: QA control received (142 bytes)
I (18478) wifi_helper: Stopping continuous WiFi scanning
I (18478) wifi_helper: WiFi scan task ending
I (18578) wifi_helper: Continuous WiFi scanning stopped
I (18578) BLE_HANDLER: 🛑 WiFi scanning stopped (explicit)
Boost enable pin configured and set high (normal logic)
I (18578) SHARED_I2C: ✅ Added I2C device: address=0x6C, speed=100000 Hz
TFA9879 I2C device initialized on shared bus (address: 0x6C)
I2C initialized successfully

Initializing TFA9879...
------------------------
Powering down...
Device Control after powerdown: 0x0000
Configuring I2S interface (Philips format)...
Serial IF Ctrl after config: 0x08D8
Powering up...
Device Control after powerup: 0x0001
Setting default volume...
Setting volume to 0x90 (reg=0x1090)
Disabling power limiting...
Power Limit after disable: 0x0000
Configuring bypass control...
Bypass Ctrl after config: 0x0008
Configuring DRC...
DRC Control after config: 0x92BA
Enabling audio output...
Device Control after audio out enable: 0x0009

TFA9879 Register Verification:
------------------------

--- TFA9879 Register Dump ---
Device Control (0x00): 0x0009
Serial IF Ctrl (0x01): 0x08D8
Status (0x02): 0x0007
Battery Voltage (0x03): 0x0A18
Temperature (0x04): 0x0007
Fault (0x05): 0x59DD
Volume Control (0x13): 0x1090
Mute/Power Limit (0x14): 0x0000
Bypass Ctrl (0x0F): 0x0008
DRC Control (0x10): 0x92BA
--- End Register Dump ---


TFA9879 initialization complete
Setting volume to 0x39 (reg=0x1039)
I (18618) BLE_HANDLER: QA mic_lr_test: amp volume set to 57 (percent=95)
I (18618) audio_system: Initializing audio system for PDM_v2 hardware
I (18618) audio_system: PDM Mic RX config: CLK=10, DATA=11, I2S_NUM=0
I (18618) audio_system: PDM Mic RX total DMA buf size: 8192
I (18618) audio_system: 🧠 PDM_SETUP TOTAL: -9232 bytes
I (18618) audio_system: Speaker TX config: BCLK=38, WS=47, DOUT=39, I2S_NUM=1
I (18618) audio_system: 🧠 SPEAKER_SETUP TOTAL: -4684 bytes
I (18618) audio_system: Audio system initialized successfully
I (18628) BLE_HANDLER: QA mic_lr_test start: wait_ms=2000, tone_ms=2000, vol=95, freq=1000, sr=16000
I (18628) BLE_HANDLER: QA mic_lr_test: Phase 1 - capturing baseline (2000 ms)
I (20448) wifi_helper: WiFi scan completed
I (20628) BLE_HANDLER: QA mic_lr_test: baseline captured 31744 samples
I (20628) BLE_HANDLER: QA mic_lr_test: Phase 2 - playing tone and capturing (2000 ms)
I (20628) BLE_HANDLER: 🎵 TONE TRACKING INITIALIZED:
I (20628) BLE_HANDLER:   📊 Expected tone start: sample 31744 (1984.0 ms)
I (20628) BLE_HANDLER:   📊 Expected tone end: sample 63744 (3984.0 ms)
I (20638) BLE_HANDLER: 🎙️ RECORDING PROGRESS: sample 31744 (1984.0 ms), speaker: NOT STARTED
I (20648) BLE_HANDLER: 🔊 SPEAKER START: First audio written at sample 32256 (2016.0 ms), wrote 1024 bytes
I (21148) BLE_HANDLER: 🎙️ RECORDING PROGRESS: sample 39936 (2496.0 ms), speaker: ACTIVE
I (21658) BLE_HANDLER: 🎙️ RECORDING PROGRESS: sample 48128 (3008.0 ms), speaker: ACTIVE
I (22168) BLE_HANDLER: 🎙️ RECORDING PROGRESS: sample 56320 (3520.0 ms), speaker: ACTIVE
I (22618) BLE_HANDLER: 🔊 SPEAKER END: Tone finished at sample 64000 (4000.0 ms)
I (22618) BLE_HANDLER: 🎵 ACTUAL TONE DURATION: 1984.0 ms (31744 samples)
I (22618) BLE_HANDLER: QA mic_lr_test: capture complete (64000 samples total)
I (22618) BLE_HANDLER: 📊 DETAILED RMS ANALYSIS (250ms windows across 4 seconds):
I (22618) BLE_HANDLER:     Time(ms)  | Left RMS | Right RMS | L/R Ratio | Notes
I (22618) BLE_HANDLER:     ---------|----------|-----------|-----------|------------------
I (22618) BLE_HANDLER:        0- 250 |   8869.4 |    8534.8 |     1.039 | BASELINE
I (22628) BLE_HANDLER:      250- 500 |   2870.2 |    2692.6 |     1.066 | BASELINE
I (22628) BLE_HANDLER:      500- 750 |   2894.2 |    2687.8 |     1.077 | BASELINE
I (22628) BLE_HANDLER:      750-1000 |   2896.5 |    2701.4 |     1.072 | BASELINE
I (22628) BLE_HANDLER:     1000-1250 |   2903.4 |    2707.5 |     1.072 | BASELINE
I (22628) BLE_HANDLER:     1250-1500 |   2896.7 |    2689.6 |     1.077 | BASELINE
I (22628) BLE_HANDLER:     1500-1750 |   2910.5 |    2694.9 |     1.080 | BASELINE
I (22628) BLE_HANDLER:     1750-2000 |   2896.1 |    2692.7 |     1.076 | BASELINE
I (22628) BLE_HANDLER:     2000-2250 |  21906.6 |   22303.2 |     0.982 | TONE EXPECTED
I (22628) BLE_HANDLER:     2250-2500 |  29815.3 |   30507.0 |     0.977 | TONE ACTIVE
I (22628) BLE_HANDLER:     2500-2750 |  29817.7 |   30493.9 |     0.978 | TONE ACTIVE
I (22638) BLE_HANDLER:     2750-3000 |  29820.5 |   30480.9 |     0.978 | TONE ACTIVE
I (22638) BLE_HANDLER:     3000-3250 |  29815.7 |   30479.3 |     0.978 | TONE ACTIVE
I (22638) BLE_HANDLER:     3250-3500 |  29819.6 |   30467.7 |     0.979 | TONE ACTIVE
I (22638) BLE_HANDLER:     3500-3750 |  29809.0 |   30462.4 |     0.979 | TONE ACTIVE
I (22638) BLE_HANDLER:     3750-4000 |  29808.5 |   30462.0 |     0.979 | TONE ACTIVE
I (22638) BLE_HANDLER: 📊 RMS ANALYSIS COMPLETE - Look for signal increase during TONE ACTIVE periods
I (22638) BLE_HANDLER: 🎯 USING ACTUAL SPEAKER TIMING FOR ANALYSIS:
I (22638) BLE_HANDLER:   📊 Actual speaker: samples 32256 - 64000 (2016.0 - 4000.0 ms)
I (22638) BLE_HANDLER:   📊 Analysis window: samples 40128 - 56128 (2508.0 - 3508.0 ms, 16000 samples)
I (22638) BLE_HANDLER: QA mic_lr_test timeline: wait_ms=2000 tone_ms=2000 total_ms=4000
I (22638) BLE_HANDLER: QA mic_lr_test windows(ms): baseline [984..1984], tone [2508..3508]
I (22708) BLE_HANDLER: 🔍 DETAILED MIC TEST ANALYSIS:
I (22708) BLE_HANDLER:   📊 Left Detection:
I (22708) BLE_HANDLER:     - Tone RMS: 29821.0 > Baseline*1.5 (4353.8) = PASS
I (22718) BLE_HANDLER:     - Correlation: 0.96 >= 0.70 = PASS
I (22718) BLE_HANDLER:     - Overall Left: PASS
I (22718) BLE_HANDLER:   📊 Right Detection:
I (22718) BLE_HANDLER:     - Tone RMS: 30483.2 > Baseline*1.5 (4045.4) = PASS
I (22718) BLE_HANDLER:     - Correlation: 0.95 >= 0.70 = PASS
I (22718) BLE_HANDLER:     - Overall Right: PASS
I (22718) BLE_HANDLER:   📊 L/R Balance:
I (22718) BLE_HANDLER:     - Balance: -0.2 dB (abs=0.2) <= 4.0 dB = PASS
I (22718) BLE_HANDLER:     - L/R Correlation: 0.93 >= 0.50 = PASS
I (22718) BLE_HANDLER:     - Overall L/R Match: PASS
I (22718) BLE_HANDLER:   🎯 FAILURE ANALYSIS:
I (22718) BLE_HANDLER: QA mic_lr_test result: {"kind":"mic_lr_test","payload":{"sr":16000,"wait_ms":2000,"tone_ms":2000,"freq":1000,"vol":95,"baseline":{"rms_L":2902.5,"rms_R":2696.9},"tone":{"rms_L":29821.0,"rms_R":30483.2,"corr_L":0.96,"corr_R":0.95,"lr_corr":0.93,"balance_db":-0.2},"detect":{"left":true,"right":true,"lr_match":true},"pass":true}}
I (22718) BLE_HANDLER: QA mic_lr_test window: baseline idx=15744 len=16000; tone idx=40128 len=16000
I (22718) BLE_HANDLER: QA mic_lr_test summary:
baseline rms L/R: 2902.5 / 2696.9
tone: rms L/R: 29821.0 / 30483.2, corr L/R: 0.96 / 0.95, lr_corr: 0.93, balance: -0.2 dB
detect: left=true right=true lr_match=true
OVERALL PASS: true
I (22718) BLE_HANDLER: 🔍 Starting continuous WiFi scanning for BLE client
I (22718) wifi_helper: Starting continuous WiFi scanning every 15000 ms
I (22718) wifi_helper: ✅ Scan task created successfully, handle: 0x3fcec204
I (22718) wifi_helper: 🔍 Triggering immediate WiFi scan for instant network list
I (22718) wifi_helper: ✅ Immediate scan task notification sent
I (22718) wifi_helper: Starting periodic WiFi scan...
I (22718) wifi_helper: Continuous WiFi scanning started successfully
I (22718) BLE_HANDLER: ✅ WiFi scanning started - will send networks via BLE notifications
I (22728) BLE_HANDLER: Sent GATT write response
I (22728) BLE_HANDLER: GATTS event: 21
I (22728) BLE_HANDLER: Indication confirmed by client - handle: 57, status: 0
{'level': 'info', 'message': '[BLE RX] {"kind":"mic_lr_test","payload":{"sr":16000,"wait_ms":2000,"tone_ms":2000,"freq":1000,"vol":95,"baseline":{"rms_L":2902.5,"rms_R":2696.9},"tone":{"rms_L":29821.0,"rms_R":30483.2,"corr_L":0.96,"corr_R":0.95,"lr_corr":0.93,"balance_db":-0.2},"detect":{"left":true,"right":true,"lr_match":true},"pass":true}} ', 'data': None, 'timestamp': 1761623277.6578722}
{'level': 'success', 'message': 'Processing microphone test results', 'data': None, 'timestamp': 1761623277.6578722}
{'level': 'info', 'message': 'Left channel: 29821.0 RMS (PASS)', 'data': None, 'timestamp': 1761623277.6578722}
{'level': 'info', 'message': 'Right channel: 30483.2 RMS (PASS)', 'data': None, 'timestamp': 1761623277.6578722}
{'level': 'success', 'message': 'Test completed: PASS', 'data': None, 'timestamp': 1761623277.6578722}
MAC Address: 8C:BF:EA:84:43:C2
I (27538) wifi_helper: WiFi scan completed
I (27538) wifi_helper: Found 16 networks, sending top 12 to BLE callback
I (27538) BLE_HANDLER: 📡 Updating WiFi state with 12 available networks
I (27538) BLE_HANDLER: 📤 Complete WiFi state: {"ssid":null,"strength":0,"connected":false,"available":[{"ssid":"MagicalToys","rssi":-36,"auth":"secured"},{"ssid":"Verizon_ZYF9LZ","rssi":-49,"auth":"secured"},{"ssid":"Verizon_9R44CH","rssi":-72,"auth":"secured"},{"ssid":"SoMa9-Residences","rssi":-75,"auth":"secured"},{"ssid":"SoMa9-Guests","rssi":-75,"auth":"secured"}]}
I (27538) BLE_HANDLER: ✅ Complete WiFi state sent (325 bytes)
I (27538) wifi_helper: ✅ WiFi scan completed - BLE client will receive complete state update
I (27538) wifi_helper: WiFi scan completed
I (27538) BLE_HANDLER: Indication confirmed by client - handle: 47, status: 0
I (37718) wifi_helper: Starting periodic WiFi scan...
🎯 QA TEST RESULTS:
==================================================
Test: Test Mic L/R Balance
Result: ✅ PASS
Details: L: 29821.0 RMS, R: 30483.2 RMS [Threshold: >4500]
Audio Balance: Balanced 🎵
RMS L: 29821.0
RMS R: 30483.2
------------------------------
Summary: 1/1 tests passed
🎉 ALL TESTS PASSED - Device approved!
✅ Data sent to Bondu API successfully
🔧 Showing Flash New Device button...
✅ Flash New Device button is now visible
==================================================
⚠️ Failed to store QC results in Firebase
{'level': 'info', 'message': 'Disconnected from Bluetooth device', 'data': None, 'timestamp': 1761623294.724894}
✅ ESP32 detected on port COM21
I (42528) wifi_helper: WiFi scan completed
I (42528) wifi_helper: Found 25 networks, sending top 12 to BLE callback
I (42528) BLE_HANDLER: 📡 Updating WiFi state with 12 available networks
I (42528) BLE_HANDLER: 📤 Complete WiFi state: {"ssid":null,"strength":0,"connected":false,"available":[{"ssid":"MagicalToys","rssi":-36,"auth":"secured"},{"ssid":"Verizon_ZYF9LZ","rssi":-47,"auth":"secured"},{"ssid":"SoMa9-Guests","rssi":-72,"auth":"secured"},{"ssid":"Verizon_9R44CH","rssi":-73,"auth":"secured"},{"ssid":"SoMa9-Guests","rssi":-73,"auth":"secured"}]}
I (42528) BLE_HANDLER: ✅ Complete WiFi state sent (321 bytes)
I (42528) wifi_helper: ✅ WiFi scan completed - BLE client will receive complete state update
I (42528) wifi_helper: WiFi scan completed
I (42528) BLE_HANDLER: Indication confirmed by client - handle: 47, status: 0
W (42928) BT_HCI: hcif disc complete: hdl 0x1, rsn 0x13
I (42928) BLE_HANDLER: Client disconnected - conn_id: 0, reason: 0x13 (Remote User Terminated)
I (42928) BLE_HANDLER: Connection stats: duration=27327 ms, idle_time=24451 ms
I (42928) wifi_helper: Stopping continuous WiFi scanning
I (42928) wifi_helper: WiFi scan task ending
I (43028) wifi_helper: Continuous WiFi scanning stopped
I (43028) BLE_HANDLER: 🛑 WiFi scanning stopped (explicit)
I (43028) BLE_HANDLER: Connection status changed to: DISCONNECTED
I (43028) BLE_HANDLER: Connection status changed to: ADVERTISING
I (43028) BLE_HANDLER: ✓ BLE advertising started with optimized configuration
I (43028) BLE_HANDLER: ✓ Service UUID in advertising data: a07498ca-ad5b-474e-940d-16f1fbe7e8cd
I (43028) BLE_HANDLER: ✓ Device name in scan response: Toy-43C0
I (43028) BLE_HANDLER: ✓ React Native app should now be able to discover this device
I (43028) led_manager: Clearing LED state overrides
I (43028) neopixel: Stopping any running LED animation
I (43028) neopixel: LED animation stopped
I (43028) neopixel: Stopping any running LED animation
I (43028) neopixel: LED animation stopped
I (43028) BLE_HANDLER: ✓ Advertising data configured successfully
I (43028) BLE_HANDLER: ✓ Service UUID a07498ca-ad5b-474e-940d-16f1fbe7e8cd is now in advertising data
I (43028) BLE_HANDLER: ✓ Scan response data set complete successfully
I (43028) BLE_HANDLER: ✓ Device name and TX power are now in scan response
I (43028) BLE_HANDLER: 🚀 ADVERTISING STARTED SUCCESSFULLY!
I (43028) BLE_HANDLER: 🔍 React Native app should now be able to find this device
I (43028) BLE_HANDLER: 📱 Device appears as: Toy-43C0
I (43028) BLE_HANDLER: 🔗 Service UUID: a07498ca-ad5b-474e-940d-16f1fbe7e8cd
I (43028) BLE_HANDLER: ⚡ The device is now discoverable and ready for connection!
I (61408) BATTERY_MONITOR: 🔍 Coulomb SoC calc: REG_QH=0x0104 → 130.0 mAh → 2.2% SoC
I (61408) BATTERY_MONITOR: === BATTERY STATUS ===
I (61418) BATTERY_MONITOR: Present:     YES
I (61418) BATTERY_MONITOR: Voltage:     3.383 V
I (61418) BATTERY_MONITOR: USB Power:   DETECTED
I (61418) BATTERY_MONITOR: Charge IC:   CHARGING IN PROGRESS (STAT1=1, STAT2=0)
I (61418) BATTERY_MONITOR: Current:     344.1 mA
I (61418) BATTERY_MONITOR: Avg Current: 350.8 mA
I (61418) BATTERY_MONITOR: SOC:         2.2%
I (61418) BATTERY_MONITOR: Temperature: 39.5°C
I (61418) BATTERY_MONITOR: Cycles:      17
I (61418) BATTERY_MONITOR: Charging:    YES
I (61418) BATTERY_MONITOR: Session:     #7
I (61418) BATTERY_MONITOR: ======================
🌐 Language changed to zh_CN - refreshing all UI texts
🌐 Language changed to en - refreshing all UI texts
I (61418) BATTERY_MONITOR: 🔋 Battery is charging (344.1 mA)
I (121418) BATTERY_MONITOR: 🔍 Coulomb SoC calc: REG_QH=0x0110 → 136.0 mAh → 2.3% SoC
I (121428) BATTERY_MONITOR: === BATTERY STATUS ===
I (121428) BATTERY_MONITOR: Present:     YES
I (121428) BATTERY_MONITOR: Voltage:     3.364 V
I (121428) BATTERY_MONITOR: USB Power:   DETECTED
I (121428) BATTERY_MONITOR: Charge IC:   CHARGING IN PROGRESS (STAT1=1, STAT2=0)
I (121428) BATTERY_MONITOR: Current:     271.1 mA
I (121428) BATTERY_MONITOR: Avg Current: 352.2 mA
I (121428) BATTERY_MONITOR: SOC:         2.3%
I (121428) BATTERY_MONITOR: Temperature: 39.6°C
I (121428) BATTERY_MONITOR: Cycles:      17
I (121428) BATTERY_MONITOR: Charging:    YES
I (121428) BATTERY_MONITOR: Session:     #7
I (121428) BATTERY_MONITOR: ======================
I (121428) BATTERY_MONITOR: 🔋 Battery is charging (271.1 mA)
I (181428) BATTERY_MONITOR: 🔍 Coulomb SoC calc: REG_QH=0x011B → 141.5 mAh → 2.4% SoC
I (181428) BATTERY_MONITOR: === BATTERY STATUS ===
I (181438) BATTERY_MONITOR: Present:     YES
I (181438) BATTERY_MONITOR: Voltage:     3.359 V
I (181438) BATTERY_MONITOR: USB Power:   DETECTED
I (181438) BATTERY_MONITOR: Charge IC:   CHARGING IN PROGRESS (STAT1=1, STAT2=0)
I (181438) BATTERY_MONITOR: Current:     345.6 mA
I (181438) BATTERY_MONITOR: Avg Current: 351.9 mA
I (181438) BATTERY_MONITOR: SOC:         2.4%
I (181438) BATTERY_MONITOR: Temperature: 39.7°C
I (181438) BATTERY_MONITOR: Cycles:      17
I (181438) BATTERY_MONITOR: Charging:    YES
I (181438) BATTERY_MONITOR: Session:     #7
I (181438) BATTERY_MONITOR: ======================
I (181438) BATTERY_MONITOR: 🔋 Battery is charging (345.6 mA)
I (241438) BATTERY_MONITOR: 🔍 Coulomb SoC calc: REG_QH=0x0127 → 147.5 mAh → 2.5% SoC
I (241438) BATTERY_MONITOR: === BATTERY STATUS ===
I (241448) BATTERY_MONITOR: Present:     YES
I (241448) BATTERY_MONITOR: Voltage:     3.373 V
I (241448) BATTERY_MONITOR: USB Power:   DETECTED
I (241448) BATTERY_MONITOR: Charge IC:   CHARGING IN PROGRESS (STAT1=1, STAT2=0)
I (241448) BATTERY_MONITOR: Current:     304.1 mA
I (241448) BATTERY_MONITOR: Avg Current: 351.9 mA
I (241448) BATTERY_MONITOR: SOC:         2.5%
I (241448) BATTERY_MONITOR: Temperature: 39.6°C
I (241448) BATTERY_MONITOR: Cycles:      17
I (241448) BATTERY_MONITOR: Charging:    YES
I (241448) BATTERY_MONITOR: Session:     #7
I (241448) BATTERY_MONITOR: ======================
I (241448) BATTERY_MONITOR: 🔋 Battery is charging (304.1 mA)
I (301448) BATTERY_MONITOR: 🔍 Coulomb SoC calc: REG_QH=0x0133 → 153.5 mAh → 2.6% SoC
I (301448) BATTERY_MONITOR: === BATTERY STATUS ===
I (301458) BATTERY_MONITOR: Present:     YES
I (301458) BATTERY_MONITOR: Voltage:     3.378 V
I (301458) BATTERY_MONITOR: USB Power:   DETECTED
I (301458) BATTERY_MONITOR: Charge IC:   CHARGING IN PROGRESS (STAT1=1, STAT2=0)
I (301458) BATTERY_MONITOR: Current:     327.0 mA
I (301458) BATTERY_MONITOR: Avg Current: 348.6 mA
I (301458) BATTERY_MONITOR: SOC:         2.6%
I (301458) BATTERY_MONITOR: Temperature: 39.8°C
I (301458) BATTERY_MONITOR: Cycles:      17
I (301458) BATTERY_MONITOR: Charging:    YES
I (301458) BATTERY_MONITOR: Session:     #7
I (301458) BATTERY_MONITOR: ======================
I (301458) BATTERY_MONITOR: 🔋 Battery is charging (327.0 mA)
